[0.382s] Invoking command in '/home/kohki/yaminabe_ws/joy-recv-py': PYTHONPATH=/home/kohki/yaminabe_ws/joy-recv-py/build/joy_recv/prefix_override:/home/kohki/yaminabe_ws/joy-recv-py/install/joy_recv/lib/python3.10/site-packages:${PYTHONPATH} /usr/bin/python3 setup.py egg_info --egg-base build/joy_recv build --build-base /home/kohki/yaminabe_ws/joy-recv-py/build/joy_recv/build install --record /home/kohki/yaminabe_ws/joy-recv-py/build/joy_recv/install.log --single-version-externally-managed
[0.528s] running egg_info
[0.528s] writing build/joy_recv/joy_recv.egg-info/PKG-INFO
[0.528s] writing dependency_links to build/joy_recv/joy_recv.egg-info/dependency_links.txt
[0.528s] writing entry points to build/joy_recv/joy_recv.egg-info/entry_points.txt
[0.528s] writing requirements to build/joy_recv/joy_recv.egg-info/requires.txt
[0.529s] writing top-level names to build/joy_recv/joy_recv.egg-info/top_level.txt
[0.530s] reading manifest file 'build/joy_recv/joy_recv.egg-info/SOURCES.txt'
[0.537s] writing manifest file 'build/joy_recv/joy_recv.egg-info/SOURCES.txt'
[0.537s] running build
[0.537s] running build_py
[0.537s] copying joy_recv/joy_recv.py -> /home/kohki/yaminabe_ws/joy-recv-py/build/joy_recv/build/lib/joy_recv
[0.537s] copying joy_recv/UsbCan.py -> /home/kohki/yaminabe_ws/joy-recv-py/build/joy_recv/build/lib/joy_recv
[0.537s] running install
[0.537s] running install_lib
[0.538s] copying /home/kohki/yaminabe_ws/joy-recv-py/build/joy_recv/build/lib/joy_recv/joy_recv.py -> /home/kohki/yaminabe_ws/joy-recv-py/install/joy_recv/lib/python3.10/site-packages/joy_recv
[0.538s] copying /home/kohki/yaminabe_ws/joy-recv-py/build/joy_recv/build/lib/joy_recv/UsbCan.py -> /home/kohki/yaminabe_ws/joy-recv-py/install/joy_recv/lib/python3.10/site-packages/joy_recv
[0.538s] byte-compiling /home/kohki/yaminabe_ws/joy-recv-py/install/joy_recv/lib/python3.10/site-packages/joy_recv/joy_recv.py to joy_recv.cpython-310.pyc
[0.539s] byte-compiling /home/kohki/yaminabe_ws/joy-recv-py/install/joy_recv/lib/python3.10/site-packages/joy_recv/UsbCan.py to UsbCan.cpython-310.pyc
[0.539s] running install_data
[0.540s] running install_egg_info
[0.541s] removing '/home/kohki/yaminabe_ws/joy-recv-py/install/joy_recv/lib/python3.10/site-packages/joy_recv-0.0.0-py3.10.egg-info' (and everything under it)
[0.541s] Copying build/joy_recv/joy_recv.egg-info to /home/kohki/yaminabe_ws/joy-recv-py/install/joy_recv/lib/python3.10/site-packages/joy_recv-0.0.0-py3.10.egg-info
[0.541s] running install_scripts
[0.554s] Installing joy_recver script to /home/kohki/yaminabe_ws/joy-recv-py/install/joy_recv/lib/joy_recv
[0.555s] writing list of installed files to '/home/kohki/yaminabe_ws/joy-recv-py/build/joy_recv/install.log'
[0.573s] Invoked command in '/home/kohki/yaminabe_ws/joy-recv-py' returned '0': PYTHONPATH=/home/kohki/yaminabe_ws/joy-recv-py/build/joy_recv/prefix_override:/home/kohki/yaminabe_ws/joy-recv-py/install/joy_recv/lib/python3.10/site-packages:${PYTHONPATH} /usr/bin/python3 setup.py egg_info --egg-base build/joy_recv build --build-base /home/kohki/yaminabe_ws/joy-recv-py/build/joy_recv/build install --record /home/kohki/yaminabe_ws/joy-recv-py/build/joy_recv/install.log --single-version-externally-managed
