[0.359s] Invoking command in '/home/kohki/yaminabe_ws/joy-recv-py': PYTHONPATH=/home/kohki/yaminabe_ws/build/joy_recv/prefix_override:/home/kohki/yaminabe_ws/install/joy_recv/lib/python3.10/site-packages:${PYTHONPATH} /usr/bin/python3 setup.py egg_info --egg-base ../build/joy_recv build --build-base /home/kohki/yaminabe_ws/build/joy_recv/build install --record /home/kohki/yaminabe_ws/build/joy_recv/install.log --single-version-externally-managed
[0.516s] running egg_info
[0.516s] writing ../build/joy_recv/joy_recv.egg-info/PKG-INFO
[0.516s] writing dependency_links to ../build/joy_recv/joy_recv.egg-info/dependency_links.txt
[0.517s] writing entry points to ../build/joy_recv/joy_recv.egg-info/entry_points.txt
[0.517s] writing requirements to ../build/joy_recv/joy_recv.egg-info/requires.txt
[0.517s] writing top-level names to ../build/joy_recv/joy_recv.egg-info/top_level.txt
[0.518s] reading manifest file '../build/joy_recv/joy_recv.egg-info/SOURCES.txt'
[0.519s] writing manifest file '../build/joy_recv/joy_recv.egg-info/SOURCES.txt'
[0.519s] running build
[0.519s] running build_py
[0.519s] copying joy_recv/joy_recv.py -> /home/kohki/yaminabe_ws/build/joy_recv/build/lib/joy_recv
[0.519s] running install
[0.519s] running install_lib
[0.520s] copying /home/kohki/yaminabe_ws/build/joy_recv/build/lib/joy_recv/joy_recv.py -> /home/kohki/yaminabe_ws/install/joy_recv/lib/python3.10/site-packages/joy_recv
[0.520s] byte-compiling /home/kohki/yaminabe_ws/install/joy_recv/lib/python3.10/site-packages/joy_recv/joy_recv.py to joy_recv.cpython-310.pyc
[0.521s] running install_data
[0.521s] running install_egg_info
[0.522s] removing '/home/kohki/yaminabe_ws/install/joy_recv/lib/python3.10/site-packages/joy_recv-0.0.0-py3.10.egg-info' (and everything under it)
[0.523s] Copying ../build/joy_recv/joy_recv.egg-info to /home/kohki/yaminabe_ws/install/joy_recv/lib/python3.10/site-packages/joy_recv-0.0.0-py3.10.egg-info
[0.523s] running install_scripts
[0.538s] Installing joy_recver script to /home/kohki/yaminabe_ws/install/joy_recv/lib/joy_recv
[0.538s] writing list of installed files to '/home/kohki/yaminabe_ws/build/joy_recv/install.log'
[0.560s] Invoked command in '/home/kohki/yaminabe_ws/joy-recv-py' returned '0': PYTHONPATH=/home/kohki/yaminabe_ws/build/joy_recv/prefix_override:/home/kohki/yaminabe_ws/install/joy_recv/lib/python3.10/site-packages:${PYTHONPATH} /usr/bin/python3 setup.py egg_info --egg-base ../build/joy_recv build --build-base /home/kohki/yaminabe_ws/build/joy_recv/build install --record /home/kohki/yaminabe_ws/build/joy_recv/install.log --single-version-externally-managed
