[0.389s] Invoking command in '/home/kohki/yaminabe_ws/joy-recv-py': PYTHONPATH=/home/kohki/yaminabe_ws/build/joy_recv/prefix_override:/home/kohki/yaminabe_ws/install/joy_recv/lib/python3.10/site-packages:${PYTHONPATH} /usr/bin/python3 setup.py egg_info --egg-base ../build/joy_recv build --build-base /home/kohki/yaminabe_ws/build/joy_recv/build install --record /home/kohki/yaminabe_ws/build/joy_recv/install.log --single-version-externally-managed
[0.537s] running egg_info
[0.537s] creating ../build/joy_recv/joy_recv.egg-info
[0.537s] writing ../build/joy_recv/joy_recv.egg-info/PKG-INFO
[0.537s] writing dependency_links to ../build/joy_recv/joy_recv.egg-info/dependency_links.txt
[0.537s] writing entry points to ../build/joy_recv/joy_recv.egg-info/entry_points.txt
[0.537s] writing requirements to ../build/joy_recv/joy_recv.egg-info/requires.txt
[0.537s] writing top-level names to ../build/joy_recv/joy_recv.egg-info/top_level.txt
[0.537s] writing manifest file '../build/joy_recv/joy_recv.egg-info/SOURCES.txt'
[0.539s] reading manifest file '../build/joy_recv/joy_recv.egg-info/SOURCES.txt'
[0.539s] writing manifest file '../build/joy_recv/joy_recv.egg-info/SOURCES.txt'
[0.539s] running build
[0.540s] running build_py
[0.540s] creating /home/kohki/yaminabe_ws/build/joy_recv/build
[0.540s] creating /home/kohki/yaminabe_ws/build/joy_recv/build/lib
[0.540s] creating /home/kohki/yaminabe_ws/build/joy_recv/build/lib/joy_recv
[0.540s] copying joy_recv/__init__.py -> /home/kohki/yaminabe_ws/build/joy_recv/build/lib/joy_recv
[0.540s] copying joy_recv/joy_recv.py -> /home/kohki/yaminabe_ws/build/joy_recv/build/lib/joy_recv
[0.540s] copying joy_recv/UsbCan.py -> /home/kohki/yaminabe_ws/build/joy_recv/build/lib/joy_recv
[0.540s] running install
[0.540s] running install_lib
[0.540s] creating /home/kohki/yaminabe_ws/install/joy_recv/lib/python3.10/site-packages/joy_recv
[0.540s] copying /home/kohki/yaminabe_ws/build/joy_recv/build/lib/joy_recv/__init__.py -> /home/kohki/yaminabe_ws/install/joy_recv/lib/python3.10/site-packages/joy_recv
[0.541s] copying /home/kohki/yaminabe_ws/build/joy_recv/build/lib/joy_recv/joy_recv.py -> /home/kohki/yaminabe_ws/install/joy_recv/lib/python3.10/site-packages/joy_recv
[0.541s] copying /home/kohki/yaminabe_ws/build/joy_recv/build/lib/joy_recv/UsbCan.py -> /home/kohki/yaminabe_ws/install/joy_recv/lib/python3.10/site-packages/joy_recv
[0.541s] byte-compiling /home/kohki/yaminabe_ws/install/joy_recv/lib/python3.10/site-packages/joy_recv/__init__.py to __init__.cpython-310.pyc
[0.541s] byte-compiling /home/kohki/yaminabe_ws/install/joy_recv/lib/python3.10/site-packages/joy_recv/joy_recv.py to joy_recv.cpython-310.pyc
[0.542s] byte-compiling /home/kohki/yaminabe_ws/install/joy_recv/lib/python3.10/site-packages/joy_recv/UsbCan.py to UsbCan.cpython-310.pyc
[0.542s] running install_data
[0.542s] creating /home/kohki/yaminabe_ws/install/joy_recv/share/ament_index
[0.542s] creating /home/kohki/yaminabe_ws/install/joy_recv/share/ament_index/resource_index
[0.542s] creating /home/kohki/yaminabe_ws/install/joy_recv/share/ament_index/resource_index/packages
[0.542s] copying resource/joy_recv -> /home/kohki/yaminabe_ws/install/joy_recv/share/ament_index/resource_index/packages
[0.542s] copying package.xml -> /home/kohki/yaminabe_ws/install/joy_recv/share/joy_recv
[0.542s] running install_egg_info
[0.543s] Copying ../build/joy_recv/joy_recv.egg-info to /home/kohki/yaminabe_ws/install/joy_recv/lib/python3.10/site-packages/joy_recv-0.0.0-py3.10.egg-info
[0.544s] running install_scripts
[0.556s] Installing joy_recver script to /home/kohki/yaminabe_ws/install/joy_recv/lib/joy_recv
[0.557s] writing list of installed files to '/home/kohki/yaminabe_ws/build/joy_recv/install.log'
[0.575s] Invoked command in '/home/kohki/yaminabe_ws/joy-recv-py' returned '0': PYTHONPATH=/home/kohki/yaminabe_ws/build/joy_recv/prefix_override:/home/kohki/yaminabe_ws/install/joy_recv/lib/python3.10/site-packages:${PYTHONPATH} /usr/bin/python3 setup.py egg_info --egg-base ../build/joy_recv build --build-base /home/kohki/yaminabe_ws/build/joy_recv/build install --record /home/kohki/yaminabe_ws/build/joy_recv/install.log --single-version-externally-managed
