[0.358s] Invoking command in '/home/kohki/yaminabe_ws/joy-recv-py': PYTHONPATH=/home/kohki/yaminabe_ws/build/joy_recv/prefix_override:/home/kohki/yaminabe_ws/install/joy_recv/lib/python3.10/site-packages:${PYTHONPATH} /usr/bin/python3 setup.py egg_info --egg-base ../build/joy_recv build --build-base /home/kohki/yaminabe_ws/build/joy_recv/build install --record /home/kohki/yaminabe_ws/build/joy_recv/install.log --single-version-externally-managed
[0.501s] running egg_info
[0.502s] writing ../build/joy_recv/joy_recv.egg-info/PKG-INFO
[0.502s] writing dependency_links to ../build/joy_recv/joy_recv.egg-info/dependency_links.txt
[0.502s] writing entry points to ../build/joy_recv/joy_recv.egg-info/entry_points.txt
[0.502s] writing requirements to ../build/joy_recv/joy_recv.egg-info/requires.txt
[0.502s] writing top-level names to ../build/joy_recv/joy_recv.egg-info/top_level.txt
[0.504s] reading manifest file '../build/joy_recv/joy_recv.egg-info/SOURCES.txt'
[0.504s] writing manifest file '../build/joy_recv/joy_recv.egg-info/SOURCES.txt'
[0.504s] running build
[0.504s] running build_py
[0.504s] copying joy_recv/joy_recv.py -> /home/kohki/yaminabe_ws/build/joy_recv/build/lib/joy_recv
[0.504s] running install
[0.505s] running install_lib
[0.505s] copying /home/kohki/yaminabe_ws/build/joy_recv/build/lib/joy_recv/joy_recv.py -> /home/kohki/yaminabe_ws/install/joy_recv/lib/python3.10/site-packages/joy_recv
[0.505s] byte-compiling /home/kohki/yaminabe_ws/install/joy_recv/lib/python3.10/site-packages/joy_recv/joy_recv.py to joy_recv.cpython-310.pyc
[0.506s] running install_data
[0.506s] running install_egg_info
[0.507s] removing '/home/kohki/yaminabe_ws/install/joy_recv/lib/python3.10/site-packages/joy_recv-0.0.0-py3.10.egg-info' (and everything under it)
[0.508s] Copying ../build/joy_recv/joy_recv.egg-info to /home/kohki/yaminabe_ws/install/joy_recv/lib/python3.10/site-packages/joy_recv-0.0.0-py3.10.egg-info
[0.508s] running install_scripts
[0.521s] Installing joy_recver script to /home/kohki/yaminabe_ws/install/joy_recv/lib/joy_recv
[0.521s] writing list of installed files to '/home/kohki/yaminabe_ws/build/joy_recv/install.log'
[0.541s] Invoked command in '/home/kohki/yaminabe_ws/joy-recv-py' returned '0': PYTHONPATH=/home/kohki/yaminabe_ws/build/joy_recv/prefix_override:/home/kohki/yaminabe_ws/install/joy_recv/lib/python3.10/site-packages:${PYTHONPATH} /usr/bin/python3 setup.py egg_info --egg-base ../build/joy_recv build --build-base /home/kohki/yaminabe_ws/build/joy_recv/build install --record /home/kohki/yaminabe_ws/build/joy_recv/install.log --single-version-externally-managed
