[0.206s] DEBUG:colcon:Command line arguments: ['/usr/bin/colcon', 'build']
[0.206s] DEBUG:colcon:Parsed command line arguments: Namespace(log_base=None, log_level=None, verb_name='build', build_base='build', install_base='install', merge_install=False, symlink_install=False, test_result_base=None, continue_on_error=False, executor='parallel', parallel_workers=12, event_handlers=None, ignore_user_meta=False, metas=['./colcon.meta'], base_paths=['.'], packages_ignore=None, packages_ignore_regex=None, paths=None, packages_up_to=None, packages_up_to_regex=None, packages_above=None, packages_above_and_dependencies=None, packages_above_depth=None, packages_select_by_dep=None, packages_skip_by_dep=None, packages_skip_up_to=None, packages_select_build_failed=False, packages_skip_build_finished=False, packages_select_test_failures=False, packages_skip_test_passed=False, packages_select=None, packages_skip=None, packages_select_regex=None, packages_skip_regex=None, packages_start=None, packages_end=None, allow_overriding=[], cmake_args=None, cmake_target=None, cmake_target_skip_unavailable=False, cmake_clean_cache=False, cmake_clean_first=False, cmake_force_configure=False, ament_cmake_args=None, catkin_cmake_args=None, catkin_skip_building_tests=False, verb_parser=<colcon_defaults.argument_parser.defaults.DefaultArgumentsDecorator object at 0x7f9bd94bdf60>, verb_extension=<colcon_core.verb.build.BuildVerb object at 0x7f9bd94bd9f0>, main=<bound method BuildVerb.main of <colcon_core.verb.build.BuildVerb object at 0x7f9bd94bd9f0>>)
[0.221s] Level 1:colcon.colcon_core.package_discovery:discover_packages(colcon_meta) check parameters
[0.222s] Level 1:colcon.colcon_core.package_discovery:discover_packages(recursive) check parameters
[0.222s] Level 1:colcon.colcon_core.package_discovery:discover_packages(ignore) check parameters
[0.222s] Level 1:colcon.colcon_core.package_discovery:discover_packages(path) check parameters
[0.222s] Level 1:colcon.colcon_core.package_discovery:discover_packages(colcon_meta) discover
[0.222s] Level 1:colcon.colcon_core.package_discovery:discover_packages(recursive) discover
[0.222s] INFO:colcon.colcon_core.package_discovery:Crawling recursively for packages in '/home/kohki/yaminabe_ws/joy-recv-py'
[0.222s] Level 1:colcon.colcon_core.package_identification:_identify(.) by extensions ['ignore', 'ignore_ament_install']
[0.222s] Level 1:colcon.colcon_core.package_identification:_identify(.) by extension 'ignore'
[0.222s] Level 1:colcon.colcon_core.package_identification:_identify(.) by extension 'ignore_ament_install'
[0.222s] Level 1:colcon.colcon_core.package_identification:_identify(.) by extensions ['colcon_pkg']
[0.222s] Level 1:colcon.colcon_core.package_identification:_identify(.) by extension 'colcon_pkg'
[0.222s] Level 1:colcon.colcon_core.package_identification:_identify(.) by extensions ['colcon_meta']
[0.222s] Level 1:colcon.colcon_core.package_identification:_identify(.) by extension 'colcon_meta'
[0.222s] Level 1:colcon.colcon_core.package_identification:_identify(.) by extensions ['ros']
[0.222s] Level 1:colcon.colcon_core.package_identification:_identify(.) by extension 'ros'
[0.230s] DEBUG:colcon.colcon_core.package_identification:Package '.' with type 'ros.ament_python' and name 'joy_recv'
[0.230s] Level 1:colcon.colcon_core.package_discovery:discover_packages(recursive) using defaults
[0.230s] Level 1:colcon.colcon_core.package_discovery:discover_packages(ignore) discover
[0.230s] Level 1:colcon.colcon_core.package_discovery:discover_packages(ignore) using defaults
[0.230s] Level 1:colcon.colcon_core.package_discovery:discover_packages(path) discover
[0.230s] Level 1:colcon.colcon_core.package_discovery:discover_packages(path) using defaults
[0.245s] Level 1:colcon.colcon_core.package_discovery:discover_packages(prefix_path) check parameters
[0.245s] Level 1:colcon.colcon_core.package_discovery:discover_packages(prefix_path) discover
[0.247s] DEBUG:colcon.colcon_installed_package_information.package_discovery:Found 276 installed packages in /opt/ros/humble
[0.248s] Level 1:colcon.colcon_core.package_discovery:discover_packages(prefix_path) using defaults
[0.282s] Level 5:colcon.colcon_core.verb:set package 'joy_recv' build argument 'cmake_args' from command line to 'None'
[0.282s] Level 5:colcon.colcon_core.verb:set package 'joy_recv' build argument 'cmake_target' from command line to 'None'
[0.282s] Level 5:colcon.colcon_core.verb:set package 'joy_recv' build argument 'cmake_target_skip_unavailable' from command line to 'False'
[0.282s] Level 5:colcon.colcon_core.verb:set package 'joy_recv' build argument 'cmake_clean_cache' from command line to 'False'
[0.282s] Level 5:colcon.colcon_core.verb:set package 'joy_recv' build argument 'cmake_clean_first' from command line to 'False'
[0.282s] Level 5:colcon.colcon_core.verb:set package 'joy_recv' build argument 'cmake_force_configure' from command line to 'False'
[0.282s] Level 5:colcon.colcon_core.verb:set package 'joy_recv' build argument 'ament_cmake_args' from command line to 'None'
[0.282s] Level 5:colcon.colcon_core.verb:set package 'joy_recv' build argument 'catkin_cmake_args' from command line to 'None'
[0.282s] Level 5:colcon.colcon_core.verb:set package 'joy_recv' build argument 'catkin_skip_building_tests' from command line to 'False'
[0.282s] DEBUG:colcon.colcon_core.verb:Building package 'joy_recv' with the following arguments: {'ament_cmake_args': None, 'build_base': '/home/kohki/yaminabe_ws/joy-recv-py/build/joy_recv', 'catkin_cmake_args': None, 'catkin_skip_building_tests': False, 'cmake_args': None, 'cmake_clean_cache': False, 'cmake_clean_first': False, 'cmake_force_configure': False, 'cmake_target': None, 'cmake_target_skip_unavailable': False, 'install_base': '/home/kohki/yaminabe_ws/joy-recv-py/install/joy_recv', 'merge_install': False, 'path': '/home/kohki/yaminabe_ws/joy-recv-py', 'symlink_install': False, 'test_result_base': None}
[0.282s] INFO:colcon.colcon_core.executor:Executing jobs using 'parallel' executor
[0.284s] DEBUG:colcon.colcon_parallel_executor.executor.parallel:run_until_complete
[0.285s] INFO:colcon.colcon_ros.task.ament_python.build:Building ROS package in '/home/kohki/yaminabe_ws/joy-recv-py' with build type 'ament_python'
[0.285s] Level 1:colcon.colcon_core.shell:create_environment_hook('joy_recv', 'ament_prefix_path')
[0.288s] INFO:colcon.colcon_core.plugin_system:Skipping extension 'colcon_core.shell.bat': Not used on non-Windows systems
[0.288s] INFO:colcon.colcon_core.shell:Creating environment hook '/home/kohki/yaminabe_ws/joy-recv-py/install/joy_recv/share/joy_recv/hook/ament_prefix_path.ps1'
[0.288s] INFO:colcon.colcon_core.shell:Creating environment descriptor '/home/kohki/yaminabe_ws/joy-recv-py/install/joy_recv/share/joy_recv/hook/ament_prefix_path.dsv'
[0.288s] INFO:colcon.colcon_core.shell:Creating environment hook '/home/kohki/yaminabe_ws/joy-recv-py/install/joy_recv/share/joy_recv/hook/ament_prefix_path.sh'
[0.289s] INFO:colcon.colcon_core.shell:Skip shell extension 'powershell' for command environment: Not usable outside of PowerShell
[0.289s] DEBUG:colcon.colcon_core.shell:Skip shell extension 'dsv' for command environment
[0.446s] INFO:colcon.colcon_core.task.python.build:Building Python package in '/home/kohki/yaminabe_ws/joy-recv-py'
[0.447s] INFO:colcon.colcon_core.shell:Skip shell extension 'powershell' for command environment: Not usable outside of PowerShell
[0.447s] DEBUG:colcon.colcon_core.shell:Skip shell extension 'dsv' for command environment
[0.651s] DEBUG:colcon.colcon_core.event_handler.log_command:Invoking command in '/home/kohki/yaminabe_ws/joy-recv-py': PYTHONPATH=/home/kohki/yaminabe_ws/joy-recv-py/build/joy_recv/prefix_override:/home/kohki/yaminabe_ws/joy-recv-py/install/joy_recv/lib/python3.10/site-packages:${PYTHONPATH} /usr/bin/python3 setup.py egg_info --egg-base build/joy_recv build --build-base /home/kohki/yaminabe_ws/joy-recv-py/build/joy_recv/build install --record /home/kohki/yaminabe_ws/joy-recv-py/build/joy_recv/install.log --single-version-externally-managed
[0.832s] DEBUG:colcon.colcon_core.event_handler.log_command:Invoked command in '/home/kohki/yaminabe_ws/joy-recv-py' returned '0': PYTHONPATH=/home/kohki/yaminabe_ws/joy-recv-py/build/joy_recv/prefix_override:/home/kohki/yaminabe_ws/joy-recv-py/install/joy_recv/lib/python3.10/site-packages:${PYTHONPATH} /usr/bin/python3 setup.py egg_info --egg-base build/joy_recv build --build-base /home/kohki/yaminabe_ws/joy-recv-py/build/joy_recv/build install --record /home/kohki/yaminabe_ws/joy-recv-py/build/joy_recv/install.log --single-version-externally-managed
[0.835s] Level 1:colcon.colcon_core.environment:checking '/home/kohki/yaminabe_ws/joy-recv-py/install/joy_recv' for CMake module files
[0.836s] Level 1:colcon.colcon_core.environment:checking '/home/kohki/yaminabe_ws/joy-recv-py/install/joy_recv' for CMake config files
[0.836s] Level 1:colcon.colcon_core.environment:checking '/home/kohki/yaminabe_ws/joy-recv-py/install/joy_recv/lib'
[0.836s] Level 1:colcon.colcon_core.environment:checking '/home/kohki/yaminabe_ws/joy-recv-py/install/joy_recv/bin'
[0.836s] Level 1:colcon.colcon_core.environment:checking '/home/kohki/yaminabe_ws/joy-recv-py/install/joy_recv/lib/pkgconfig/joy_recv.pc'
[0.836s] Level 1:colcon.colcon_core.environment:checking '/home/kohki/yaminabe_ws/joy-recv-py/install/joy_recv/lib/python3.10/site-packages'
[0.836s] Level 1:colcon.colcon_core.shell:create_environment_hook('joy_recv', 'pythonpath')
[0.837s] INFO:colcon.colcon_core.shell:Creating environment hook '/home/kohki/yaminabe_ws/joy-recv-py/install/joy_recv/share/joy_recv/hook/pythonpath.ps1'
[0.838s] INFO:colcon.colcon_core.shell:Creating environment descriptor '/home/kohki/yaminabe_ws/joy-recv-py/install/joy_recv/share/joy_recv/hook/pythonpath.dsv'
[0.838s] INFO:colcon.colcon_core.shell:Creating environment hook '/home/kohki/yaminabe_ws/joy-recv-py/install/joy_recv/share/joy_recv/hook/pythonpath.sh'
[0.838s] Level 1:colcon.colcon_core.environment:checking '/home/kohki/yaminabe_ws/joy-recv-py/install/joy_recv/bin'
[0.838s] Level 1:colcon.colcon_core.environment:create_environment_scripts_only(joy_recv)
[0.839s] INFO:colcon.colcon_core.shell:Creating package script '/home/kohki/yaminabe_ws/joy-recv-py/install/joy_recv/share/joy_recv/package.ps1'
[0.840s] INFO:colcon.colcon_core.shell:Creating package descriptor '/home/kohki/yaminabe_ws/joy-recv-py/install/joy_recv/share/joy_recv/package.dsv'
[0.840s] INFO:colcon.colcon_core.shell:Creating package script '/home/kohki/yaminabe_ws/joy-recv-py/install/joy_recv/share/joy_recv/package.sh'
[0.840s] INFO:colcon.colcon_core.shell:Creating package script '/home/kohki/yaminabe_ws/joy-recv-py/install/joy_recv/share/joy_recv/package.bash'
[0.841s] INFO:colcon.colcon_core.shell:Creating package script '/home/kohki/yaminabe_ws/joy-recv-py/install/joy_recv/share/joy_recv/package.zsh'
[0.841s] Level 1:colcon.colcon_core.environment:create_file_with_runtime_dependencies(/home/kohki/yaminabe_ws/joy-recv-py/install/joy_recv/share/colcon-core/packages/joy_recv)
[0.841s] DEBUG:colcon.colcon_parallel_executor.executor.parallel:closing loop
[0.841s] DEBUG:colcon.colcon_parallel_executor.executor.parallel:loop closed
[0.841s] DEBUG:colcon.colcon_parallel_executor.executor.parallel:run_until_complete finished with '0'
[0.841s] DEBUG:colcon.colcon_core.event_reactor:joining thread
[0.846s] INFO:colcon.colcon_core.plugin_system:Skipping extension 'colcon_notification.desktop_notification.terminal_notifier': Not used on non-Darwin systems
[0.846s] INFO:colcon.colcon_core.plugin_system:Skipping extension 'colcon_notification.desktop_notification.win32': Not used on non-Windows systems
[0.847s] INFO:colcon.colcon_notification.desktop_notification:Sending desktop notification using 'notify2'
[0.861s] DEBUG:colcon.colcon_core.event_reactor:joined thread
[0.862s] INFO:colcon.colcon_core.shell:Creating prefix script '/home/kohki/yaminabe_ws/joy-recv-py/install/local_setup.ps1'
[0.863s] INFO:colcon.colcon_core.shell:Creating prefix util module '/home/kohki/yaminabe_ws/joy-recv-py/install/_local_setup_util_ps1.py'
[0.864s] INFO:colcon.colcon_core.shell:Creating prefix chain script '/home/kohki/yaminabe_ws/joy-recv-py/install/setup.ps1'
[0.865s] INFO:colcon.colcon_core.shell:Creating prefix script '/home/kohki/yaminabe_ws/joy-recv-py/install/local_setup.sh'
[0.866s] INFO:colcon.colcon_core.shell:Creating prefix util module '/home/kohki/yaminabe_ws/joy-recv-py/install/_local_setup_util_sh.py'
[0.866s] INFO:colcon.colcon_core.shell:Creating prefix chain script '/home/kohki/yaminabe_ws/joy-recv-py/install/setup.sh'
[0.867s] INFO:colcon.colcon_core.shell:Creating prefix script '/home/kohki/yaminabe_ws/joy-recv-py/install/local_setup.bash'
[0.868s] INFO:colcon.colcon_core.shell:Creating prefix chain script '/home/kohki/yaminabe_ws/joy-recv-py/install/setup.bash'
[0.869s] INFO:colcon.colcon_core.shell:Creating prefix script '/home/kohki/yaminabe_ws/joy-recv-py/install/local_setup.zsh'
[0.869s] INFO:colcon.colcon_core.shell:Creating prefix chain script '/home/kohki/yaminabe_ws/joy-recv-py/install/setup.zsh'
