2023-04-07 16:05:16,760 [INFO] MainUpdater:2854 - connection check result : 10
2023-04-07 16:05:16,763 [INFO] MainUpdater:2854 - connection check result : 10
2023-04-07 16:05:16,780 [INFO] MicroXplorer:468 - Change Database Path : 
2023-04-07 16:05:16,780 [INFO] MicroXplorer:498 - Change Database Version : DB.6.0.80
2023-04-07 16:05:16,787 [WARN] ThirdParty:871 - waiting for thirdparty lock release [close project]
2023-04-07 16:05:16,787 [INFO] ThirdParty:873 - entering critical section [close project]
2023-04-07 16:05:16,787 [INFO] ThirdParty:883 - exiting critical section [close project]
2023-04-07 16:05:16,788 [INFO] PinOutPanel:1499 - setPackage(No Configuration,No Configuration)
2023-04-07 16:05:16,791 [WARN] IpParametersView:150 - Warning: This peripheral hasn't parameters
2023-04-07 16:05:16,793 [WARN] MainPanel:257 - <html><b><center>Warning: This peripheral has no parameters to be configured<br></b></html>
2023-04-07 16:05:16,794 [INFO] UtilMem:75 - Begin LoadConfig() Used Memory: 579095096 Bytes (856686592)
2023-04-07 16:05:16,794 [INFO] MicroXplorer:468 - Change Database Path : 
2023-04-07 16:05:16,794 [INFO] MicroXplorer:498 - Change Database Version : DB.6.0.80
2023-04-07 16:05:16,794 [INFO] OpenFileManager:308 - Change cursor
2023-04-07 16:05:16,799 [INFO] Mcu:1937 - Initializing MCU STM32F446R(C-E)Tx STM32F446RETx STM32F446RET6
2023-04-07 16:05:17,228 [INFO] Context:659 - Trying to add GPIOservice into a context  which must be forbidden
2023-04-07 16:05:17,347 [INFO] RtosManager:555 - Registered RTOS mode: class=CMSIS, group=RTOS, mode=CMSIS_V1, owner=FREERTOS
2023-04-07 16:05:17,347 [INFO] RtosManager:555 - Registered RTOS mode: class=CMSIS, group=RTOS2, mode=CMSIS_V2, owner=FREERTOS
2023-04-07 16:05:17,347 [INFO] RtosManager:555 - Registered RTOS mode: class=RTOS, group=Core, mode=CMSIS_V1, owner=FREERTOS
2023-04-07 16:05:17,347 [INFO] RtosManager:555 - Registered RTOS mode: class=RTOS, group=Core, mode=CMSIS_V2, owner=FREERTOS
2023-04-07 16:05:17,347 [WARN] ModelIntegratedComponent:184 - Missing modes for component STMicroelectronics:FreeRTOS:0.0.1:STMicroelectronics:RTOS:FreeRTOS:Core:::10.2.0:
2023-04-07 16:05:17,350 [WARN] ModelIntegratedComponent:63 - No mode defined for component null
2023-04-07 16:05:17,351 [WARN] ModelIntegratedComponent:63 - No mode defined for component null
2023-04-07 16:05:17,351 [WARN] ModelIntegratedComponent:63 - No mode defined for component null
2023-04-07 16:05:17,351 [WARN] ModelIntegratedComponent:63 - No mode defined for component null
2023-04-07 16:05:17,351 [WARN] ModelIntegratedComponent:63 - No mode defined for component null
2023-04-07 16:05:17,351 [WARN] ModelIntegratedComponent:63 - No mode defined for component null
2023-04-07 16:05:17,351 [WARN] ModelIntegratedComponent:63 - No mode defined for component null
2023-04-07 16:05:17,351 [WARN] ModelIntegratedComponent:63 - No mode defined for component null
2023-04-07 16:05:17,351 [WARN] ModelIntegratedComponent:63 - No mode defined for component null
2023-04-07 16:05:17,351 [WARN] ModelIntegratedComponent:63 - No mode defined for component null
2023-04-07 16:05:17,351 [WARN] ModelIntegratedComponent:63 - No mode defined for component null
2023-04-07 16:05:17,351 [WARN] ModelIntegratedComponent:63 - No mode defined for component null
2023-04-07 16:05:17,351 [WARN] ModelIntegratedComponent:63 - No mode defined for component null
2023-04-07 16:05:17,351 [WARN] ModelIntegratedComponent:63 - No mode defined for component null
2023-04-07 16:05:17,351 [WARN] ModelIntegratedComponent:63 - No mode defined for component null
2023-04-07 16:05:17,351 [WARN] ModelIntegratedComponent:63 - No mode defined for component null
2023-04-07 16:05:17,351 [WARN] ModelIntegratedComponent:63 - No mode defined for component null
2023-04-07 16:05:17,351 [WARN] ModelIntegratedComponent:63 - No mode defined for component null
2023-04-07 16:05:17,351 [WARN] ModelIntegratedComponent:63 - No mode defined for component null
2023-04-07 16:05:17,351 [WARN] ModelIntegratedComponent:63 - No mode defined for component null
2023-04-07 16:05:17,351 [WARN] ModelIntegratedComponent:63 - No mode defined for component null
2023-04-07 16:05:17,351 [WARN] ModelIntegratedComponent:63 - No mode defined for component null
2023-04-07 16:05:17,351 [WARN] ModelIntegratedComponent:63 - No mode defined for component null
2023-04-07 16:05:17,351 [WARN] ModelIntegratedComponent:63 - No mode defined for component null
2023-04-07 16:05:17,351 [WARN] ModelIntegratedComponent:63 - No mode defined for component null
2023-04-07 16:05:17,351 [WARN] ModelIntegratedComponent:63 - No mode defined for component null
2023-04-07 16:05:17,351 [WARN] ModelIntegratedComponent:63 - No mode defined for component null
2023-04-07 16:05:17,351 [WARN] ModelIntegratedComponent:63 - No mode defined for component null
2023-04-07 16:05:17,351 [WARN] ModelIntegratedComponent:63 - No mode defined for component null
2023-04-07 16:05:17,351 [WARN] ModelIntegratedComponent:63 - No mode defined for component null
2023-04-07 16:05:17,351 [WARN] ModelIntegratedComponent:63 - No mode defined for component null
2023-04-07 16:05:17,351 [WARN] ModelIntegratedComponent:63 - No mode defined for component null
2023-04-07 16:05:17,351 [WARN] ModelIntegratedComponent:63 - No mode defined for component null
2023-04-07 16:05:17,405 [INFO] ThirdPartyModel:298 - Start build external matchings
2023-04-07 16:05:17,597 [INFO] ThirdPartyModel:316 - End build external matchings
2023-04-07 16:05:17,601 [INFO] ImportTextPane:194 - (OptionalMessage_ERROR) IP (RCC) : Invalid parameter (48MHZClocksFreq_Value)
2023-04-07 16:05:17,601 [INFO] ImportTextPane:194 - (OptionalMessage_ERROR) IP (RCC) : Invalid parameter (EthernetFreq_Value)
2023-04-07 16:05:17,602 [INFO] ImportTextPane:194 - (OptionalMessage_ERROR) IP (RCC) : Parameter (FLatency) has Id (AdvancedSettings) currently not set
2023-04-07 16:05:17,602 [INFO] ImportTextPane:194 - (OptionalMessage_ERROR) IP (RCC) : Invalid parameter (FamilyName)
2023-04-07 16:05:17,602 [INFO] ImportTextPane:194 - (OptionalMessage_ERROR) IP (RCC) : Invalid parameter (I2SClocksFreq_Value)
2023-04-07 16:05:17,602 [INFO] ImportTextPane:194 - (OptionalMessage_ERROR) IP (RCC) : Parameter (MCO2PinFreq_Value) has invalid value (180000000)
2023-04-07 16:05:17,603 [INFO] ImportTextPane:194 - (OptionalMessage_ERROR) IP (RCC) : Parameter (SDIOFreq_Value) has invalid value (180000000)
2023-04-07 16:05:17,603 [INFO] ImportTextPane:194 - (OptionalMessage_ERROR) IP (RCC) : Parameter (USBFreq_Value) has invalid value (180000000)
2023-04-07 16:05:17,603 [INFO] ImportTextPane:194 - (OptionalMessage_ERROR) IP (RCC) : Invalid parameter (VCOInputMFreq_Value)
2023-04-07 16:05:17,603 [INFO] ImportTextPane:194 - (OptionalMessage_ERROR) IP (RCC) : Invalid parameter (VcooutputI2S)
2023-04-07 16:05:17,697 [INFO] UtilMem:75 - End LoadConfig() Used Memory: 329448488 Bytes (856686592)
2023-04-07 16:05:17,700 [WARN] ThirdParty:833 - waiting for thirdparty lock release [change project]
2023-04-07 16:05:17,700 [INFO] ThirdParty:835 - entering critical section [change project]
2023-04-07 16:05:17,700 [INFO] ThirdParty:1030 - CMSIS Pack Vendor :STMicroelectronics X-CUBE-ISPU 1.1.0
2023-04-07 16:05:17,700 [INFO] ThirdParty:1030 - CMSIS Pack Vendor :RoweBots I-CUBE-UNISONRTOS 5.5.0-4
2023-04-07 16:05:17,701 [INFO] ThirdParty:1030 - CMSIS Pack Vendor :STMicroelectronics X-CUBE-GNSS1 6.0.0
2023-04-07 16:05:17,701 [INFO] ThirdParty:1030 - CMSIS Pack Vendor :STMicroelectronics USB_HOST 2.0.0
2023-04-07 16:05:17,701 [INFO] ThirdParty:1030 - CMSIS Pack Vendor :STMicroelectronics X-CUBE-AZRTOS-F4 1.1.0
2023-04-07 16:05:17,701 [INFO] ThirdParty:1030 - CMSIS Pack Vendor :STMicroelectronics LIBJPEG 8.0.0
2023-04-07 16:05:17,701 [INFO] ThirdParty:1030 - CMSIS Pack Vendor :STMicroelectronics USB_DEVICE 3.0.0
2023-04-07 16:05:17,701 [INFO] ThirdParty:1030 - CMSIS Pack Vendor :STMicroelectronics X-CUBE-AI 8.0.0
2023-04-07 16:05:17,701 [INFO] ThirdParty:1030 - CMSIS Pack Vendor :STMicroelectronics X-CUBE-FREERTOS 1.0.0
2023-04-07 16:05:17,701 [INFO] ThirdParty:1030 - CMSIS Pack Vendor :STMicroelectronics X-CUBE-TOUCHGFX 4.21.3
2023-04-07 16:05:17,701 [INFO] ThirdParty:1030 - CMSIS Pack Vendor :STMicroelectronics X-CUBE-AZRTOS-F7 1.1.0
2023-04-07 16:05:17,701 [INFO] ThirdParty:1030 - CMSIS Pack Vendor :STMicroelectronics USB_DEVICE 2.0.0
2023-04-07 16:05:17,701 [INFO] ThirdParty:1030 - CMSIS Pack Vendor :STMicroelectronics X-CUBE-ALGOBUILD 1.3.0
2023-04-07 16:05:17,701 [INFO] ThirdParty:1030 - CMSIS Pack Vendor :STMicroelectronics X-CUBE-BLE1 6.2.4
2023-04-07 16:05:17,701 [INFO] ThirdParty:1030 - CMSIS Pack Vendor :STMicroelectronics X-CUBE-AZRTOS-L5 1.1.0
2023-04-07 16:05:17,701 [INFO] ThirdParty:1030 - CMSIS Pack Vendor :STMicroelectronics FreeRTOS 0.0.1
2023-04-07 16:05:17,701 [INFO] ThirdParty:1030 - CMSIS Pack Vendor :emotas I-CUBE-CANOPEN 1.1.3
2023-04-07 16:05:17,701 [INFO] ThirdParty:1030 - CMSIS Pack Vendor :STMicroelectronics X-CUBE-AZRTOS-G0 1.1.0
2023-04-07 16:05:17,701 [INFO] ThirdParty:1030 - CMSIS Pack Vendor :STMicroelectronics X-CUBE-BLEMGR 2.0.0
2023-04-07 16:05:17,701 [INFO] ThirdParty:1030 - CMSIS Pack Vendor :STMicroelectronics X-CUBE-SUBG2 5.0.0
2023-04-07 16:05:17,701 [INFO] ThirdParty:1030 - CMSIS Pack Vendor :STMicroelectronics X-CUBE-NFC4 3.0.0
2023-04-07 16:05:17,701 [INFO] ThirdParty:1030 - CMSIS Pack Vendor :STMicroelectronics STM32_WPAN 1.0.0
2023-04-07 16:05:17,701 [INFO] ThirdParty:1030 - CMSIS Pack Vendor :STMicroelectronics lwIP 2.0.3
2023-04-07 16:05:17,701 [INFO] ThirdParty:1030 - CMSIS Pack Vendor :STMicroelectronics USB_HOST 1.0.0
2023-04-07 16:05:17,701 [INFO] ThirdParty:1030 - CMSIS Pack Vendor :STMicroelectronics PDM2PCM 3.1.0
2023-04-07 16:05:17,701 [INFO] ThirdParty:1030 - CMSIS Pack Vendor :STMicroelectronics X-CUBE-TOF1 3.3.0
2023-04-07 16:05:17,701 [INFO] ThirdParty:1030 - CMSIS Pack Vendor :STMicroelectronics FP-ATR-ASTRA1 1.1.1
2023-04-07 16:05:17,701 [INFO] ThirdParty:1030 - CMSIS Pack Vendor :STMicroelectronics PDM2PCM 3.3.0
2023-04-07 16:05:17,701 [INFO] ThirdParty:1030 - CMSIS Pack Vendor :STMicroelectronics X-CUBE-DISPLAY 3.0.0
2023-04-07 16:05:17,701 [INFO] ThirdParty:1030 - CMSIS Pack Vendor :STMicroelectronics X-CUBE-AZRTOS-G4 1.0.0
2023-04-07 16:05:17,701 [INFO] ThirdParty:1030 - CMSIS Pack Vendor :STMicroelectronics FP-ATR-SIGFOX1 3.2.0
2023-04-07 16:05:17,701 [INFO] ThirdParty:1030 - CMSIS Pack Vendor :wolfSSL I-CUBE-wolfSSL 5.5.4
2023-04-07 16:05:17,701 [INFO] ThirdParty:1030 - CMSIS Pack Vendor :STMicroelectronics X-CUBE-AZRTOS-L4 1.0.0
2023-04-07 16:05:17,701 [INFO] ThirdParty:1030 - CMSIS Pack Vendor :STMicroelectronics HAL Drivers 0.0.0
2023-04-07 16:05:17,701 [INFO] ThirdParty:1030 - CMSIS Pack Vendor :STMicroelectronics MBEDTLS 2.16.2
2023-04-07 16:05:17,701 [INFO] ThirdParty:1030 - CMSIS Pack Vendor :STMicroelectronics MBEDTLS 2.14.1
2023-04-07 16:05:17,701 [INFO] ThirdParty:1030 - CMSIS Pack Vendor :STMicroelectronics X-CUBE-NFC7 1.0.0
2023-04-07 16:05:17,701 [INFO] ThirdParty:1030 - CMSIS Pack Vendor :STMicroelectronics X-CUBE-AZRTOS-WL 1.0.0
2023-04-07 16:05:17,701 [INFO] ThirdParty:1030 - CMSIS Pack Vendor :STMicroelectronics X-CUBE-EEPRMA1 4.1.0
2023-04-07 16:05:17,701 [INFO] ThirdParty:1030 - CMSIS Pack Vendor :portGmbH I-Cube-SoM-uGOAL 1.1.0
2023-04-07 16:05:17,701 [INFO] ThirdParty:1030 - CMSIS Pack Vendor :STMicroelectronics X-CUBE-ALS 1.0.1
2023-04-07 16:05:17,701 [INFO] ThirdParty:1030 - CMSIS Pack Vendor :STMicroelectronics X-CUBE-MEMS1 9.5.0
2023-04-07 16:05:17,701 [INFO] ThirdParty:1030 - CMSIS Pack Vendor :STMicroelectronics ThreadX 1.0.0
2023-04-07 16:05:17,701 [INFO] ThirdParty:1030 - CMSIS Pack Vendor :STMicroelectronics X-CUBE-AZRTOS-WB 1.1.0
2023-04-07 16:05:17,701 [INFO] ThirdParty:1030 - CMSIS Pack Vendor :SEGGER I-CUBE-embOS 1.3.1
2023-04-07 16:05:17,701 [INFO] ThirdParty:1030 - CMSIS Pack Vendor :STMicroelectronics USB_DEVICE 1.0.0
2023-04-07 16:05:17,701 [INFO] ThirdParty:1030 - CMSIS Pack Vendor :STMicroelectronics ThreadX 0.0.2
2023-04-07 16:05:17,701 [INFO] ThirdParty:1030 - CMSIS Pack Vendor :WES I-CUBE-Cesium 1.3.0
2023-04-07 16:05:17,701 [INFO] ThirdParty:1030 - CMSIS Pack Vendor :STMicroelectronics lwIP 2.1.2
2023-04-07 16:05:17,701 [INFO] ThirdParty:1030 - CMSIS Pack Vendor :STMicroelectronics X-CUBE-SFXS2LP1 4.0.0
2023-04-07 16:05:17,701 [INFO] ThirdParty:1030 - CMSIS Pack Vendor :STMicroelectronics X-CUBE-BLE2 3.3.0
2023-04-07 16:05:17,701 [INFO] ThirdParty:1030 - CMSIS Pack Vendor :STMicroelectronics PDM2PCM 3.2.0
2023-04-07 16:05:17,701 [INFO] ThirdParty:1030 - CMSIS Pack Vendor :STMicroelectronics X-CUBE-AZRTOS-H7 3.0.0
2023-04-07 16:05:17,701 [INFO] ThirdParty:841 - exiting critical section [change project]
2023-04-07 16:05:17,811 [INFO] PinOutPanel:1499 - setPackage(No Configuration,No Configuration)
2023-04-07 16:05:17,811 [INFO] PinOutPanel:1499 - setPackage(STM32F446RETx,LQFP64)
2023-04-07 16:05:17,956 [INFO] UtilMem:75 - Before build in PCC Used Memory: 318080192 Bytes (856686592)
2023-04-07 16:05:18,052 [INFO] UtilMem:75 - After build in PCC Used Memory: 368934080 Bytes (856686592)
2023-04-07 16:05:18,065 [INFO] IPUIPlugin:80 - create IPUIPlugin
2023-04-07 16:05:18,065 [INFO] IPUIPlugin:80 - create IPUIPlugin
2023-04-07 16:05:18,065 [INFO] IPUIPlugin:80 - create IPUIPlugin
2023-04-07 16:05:18,065 [INFO] IPUIPlugin:80 - create IPUIPlugin
2023-04-07 16:05:18,065 [INFO] IPUIPlugin:80 - create IPUIPlugin
2023-04-07 16:05:18,065 [INFO] IPUIPlugin:80 - create IPUIPlugin
2023-04-07 16:05:18,065 [INFO] IPUIPlugin:80 - create IPUIPlugin
2023-04-07 16:05:18,065 [INFO] IPUIPlugin:80 - create IPUIPlugin
2023-04-07 16:05:18,065 [INFO] IPUIPlugin:80 - create IPUIPlugin
2023-04-07 16:05:18,065 [INFO] IPUIPlugin:80 - create IPUIPlugin
2023-04-07 16:05:18,065 [INFO] IPUIPlugin:80 - create IPUIPlugin
2023-04-07 16:05:18,065 [INFO] IPUIPlugin:80 - create IPUIPlugin
2023-04-07 16:05:18,065 [INFO] IPUIPlugin:80 - create IPUIPlugin
2023-04-07 16:05:18,065 [INFO] IPUIPlugin:80 - create IPUIPlugin
2023-04-07 16:05:18,065 [INFO] IPUIPlugin:80 - create IPUIPlugin
2023-04-07 16:05:18,065 [INFO] IPUIPlugin:80 - create IPUIPlugin
2023-04-07 16:05:18,065 [INFO] IPUIPlugin:80 - create IPUIPlugin
2023-04-07 16:05:18,065 [INFO] IPUIPlugin:80 - create IPUIPlugin
2023-04-07 16:05:18,066 [INFO] IPUIPlugin:80 - create IPUIPlugin
2023-04-07 16:05:18,066 [INFO] IPUIPlugin:80 - create IPUIPlugin
2023-04-07 16:05:18,066 [INFO] IPUIPlugin:80 - create IPUIPlugin
2023-04-07 16:05:18,066 [INFO] IPUIPlugin:80 - create IPUIPlugin
2023-04-07 16:05:18,066 [INFO] IPUIPlugin:80 - create IPUIPlugin
2023-04-07 16:05:18,067 [INFO] IPUIPlugin:80 - create IPUIPlugin
2023-04-07 16:05:18,067 [INFO] IPUIPlugin:80 - create IPUIPlugin
2023-04-07 16:05:18,067 [INFO] IPUIPlugin:80 - create IPUIPlugin
2023-04-07 16:05:18,067 [INFO] IPUIPlugin:80 - create IPUIPlugin
2023-04-07 16:05:18,067 [INFO] IPUIPlugin:80 - create IPUIPlugin
2023-04-07 16:05:18,067 [INFO] IPUIPlugin:80 - create IPUIPlugin
2023-04-07 16:05:18,067 [INFO] IPUIPlugin:80 - create IPUIPlugin
2023-04-07 16:05:18,067 [INFO] IPUIPlugin:80 - create IPUIPlugin
2023-04-07 16:05:18,067 [INFO] IPUIPlugin:80 - create IPUIPlugin
2023-04-07 16:05:18,067 [INFO] IPUIPlugin:80 - create IPUIPlugin
2023-04-07 16:05:18,068 [INFO] IPUIPlugin:80 - create IPUIPlugin
2023-04-07 16:05:18,068 [INFO] IPUIPlugin:80 - create IPUIPlugin
2023-04-07 16:05:18,068 [INFO] IPUIPlugin:80 - create IPUIPlugin
2023-04-07 16:05:18,068 [INFO] IPUIPlugin:80 - create IPUIPlugin
2023-04-07 16:05:18,068 [INFO] IPUIPlugin:80 - create IPUIPlugin
2023-04-07 16:05:18,068 [INFO] IPUIPlugin:80 - create IPUIPlugin
2023-04-07 16:05:18,068 [INFO] IPUIPlugin:80 - create IPUIPlugin
2023-04-07 16:05:18,068 [INFO] IPUIPlugin:80 - create IPUIPlugin
2023-04-07 16:05:18,068 [INFO] IPUIPlugin:80 - create IPUIPlugin
2023-04-07 16:05:18,068 [INFO] IPUIPlugin:80 - create IPUIPlugin
2023-04-07 16:05:18,068 [INFO] IPUIPlugin:80 - create IPUIPlugin
2023-04-07 16:05:18,068 [INFO] IPUIPlugin:80 - create IPUIPlugin
2023-04-07 16:05:18,068 [INFO] IPUIPlugin:80 - create IPUIPlugin
2023-04-07 16:05:18,068 [INFO] IPUIPlugin:80 - create IPUIPlugin
2023-04-07 16:05:18,068 [INFO] IPUIPlugin:80 - create IPUIPlugin
2023-04-07 16:05:18,069 [INFO] IPUIPlugin:80 - create IPUIPlugin
2023-04-07 16:05:18,069 [INFO] IPUIPlugin:80 - create IPUIPlugin
2023-04-07 16:05:18,069 [INFO] IPUIPlugin:80 - create IPUIPlugin
2023-04-07 16:05:18,069 [INFO] IPUIPlugin:80 - create IPUIPlugin
2023-04-07 16:05:18,069 [INFO] IPUIPlugin:80 - create IPUIPlugin
2023-04-07 16:05:18,069 [INFO] IPUIPlugin:80 - create IPUIPlugin
2023-04-07 16:05:18,069 [INFO] IPUIPlugin:80 - create IPUIPlugin
2023-04-07 16:05:18,069 [INFO] IPUIPlugin:80 - create IPUIPlugin
2023-04-07 16:05:18,069 [INFO] IPUIPlugin:80 - create IPUIPlugin
2023-04-07 16:05:18,069 [INFO] IPUIPlugin:80 - create IPUIPlugin
2023-04-07 16:05:18,070 [INFO] IPUIPlugin:80 - create IPUIPlugin
2023-04-07 16:05:18,070 [INFO] IPUIPlugin:80 - create IPUIPlugin
2023-04-07 16:05:18,071 [INFO] ApiDbMcu:507 - Load IP Config File for PDM2PCM
2023-04-07 16:05:18,072 [INFO] Can:71 - Can Add PropertyChangeListener com.st.microxplorer.plugins.ip.can.Can@3aacb2b7
2023-04-07 16:05:18,093 [INFO] CADModel:165 - CPN selected for project levelSTM32F446RET6
2023-04-07 16:05:18,093 [INFO] CADModel:114 - Register for checkConnection events
2023-04-07 16:05:18,130 [INFO] OpenFileManager:328 - Restore cursor
2023-04-07 16:19:01,213 [INFO] UtilMem:75 - End SaveConfig() Used Memory: 502248464 Bytes (856686592)
2023-04-07 16:19:03,195 [INFO] UtilMem:75 - End SaveConfig() Used Memory: 702526480 Bytes (856686592)
2023-04-07 16:19:03,421 [INFO] UtilMem:75 - End SaveConfig() Used Memory: 735556624 Bytes (856686592)
2023-04-07 16:19:03,536 [INFO] BlockDiagram:2759 - set Specific Code input for plugin: CAN
2023-04-07 16:19:03,536 [INFO] BlockDiagram:2759 - set Specific Code input for plugin: TIM1_8
2023-04-07 16:19:03,536 [INFO] BlockDiagram:2759 - set Specific Code input for plugin: TIM1_8
2023-04-07 16:19:03,536 [INFO] BlockDiagram:2759 - set Specific Code input for plugin: SYS
2023-04-07 16:19:03,536 [INFO] BlockDiagram:2759 - set Specific Code input for plugin: RCC
2023-04-07 16:19:03,536 [INFO] BlockDiagram:2759 - set Specific Code input for plugin: NVIC
2023-04-07 16:19:03,536 [INFO] BlockDiagram:2759 - set Specific Code input for plugin: USART
2023-04-07 16:19:03,537 [INFO] BlockDiagram:2759 - set Specific Code input for plugin: GPIO
2023-04-07 16:19:03,537 [INFO] CodeGenerator:793 - code generatio: config db path: /opt/st/stm32cubeide_1.12.0/plugins/com.st.stm32cube.common.mx_6.8.0.202302231600//db/
2023-04-07 16:19:03,650 [INFO] CodeEngine:255 - oldGeneratedFile, /home/kohki/yaminabe_ws/MOTOR_test/MXTmpFiles/license.tmp_save
2023-04-07 16:19:03,694 [INFO] CodeEngine:279 - Generated code: /home/kohki/yaminabe_ws/MOTOR_test/MXTmpFiles/license.tmp
2023-04-07 16:19:03,714 [INFO] CodeEngine:255 - oldGeneratedFile, /home/kohki/yaminabe_ws/MOTOR_test/MXTmpFiles/gpio.tmp_save
2023-04-07 16:19:03,756 [INFO] CodeEngine:279 - Generated code: /home/kohki/yaminabe_ws/MOTOR_test/MXTmpFiles/gpio.tmp
2023-04-07 16:19:03,855 [INFO] CodeEngine:255 - oldGeneratedFile, /home/kohki/yaminabe_ws/MOTOR_test/Core/Src/stm32f4xx_it.c_save
2023-04-07 16:19:03,968 [INFO] CodeEngine:279 - Generated code: /home/kohki/yaminabe_ws/MOTOR_test/Core/Src/stm32f4xx_it.c
2023-04-07 16:19:03,969 [INFO] CodeEngine:255 - oldGeneratedFile, /home/kohki/yaminabe_ws/MOTOR_test/Core/Inc/stm32f4xx_it.h_save
2023-04-07 16:19:04,002 [INFO] CodeEngine:279 - Generated code: /home/kohki/yaminabe_ws/MOTOR_test/Core/Inc/stm32f4xx_it.h
2023-04-07 16:19:04,004 [INFO] CodeEngine:255 - oldGeneratedFile, /home/kohki/yaminabe_ws/MOTOR_test/Core/Src/stm32f4xx_hal_msp.c_save
2023-04-07 16:19:04,070 [INFO] CodeEngine:279 - Generated code: /home/kohki/yaminabe_ws/MOTOR_test/Core/Src/stm32f4xx_hal_msp.c
2023-04-07 16:19:04,071 [INFO] CodeEngine:255 - oldGeneratedFile, /home/kohki/yaminabe_ws/MOTOR_test/MXTmpFiles/system.tmp_save
2023-04-07 16:19:04,104 [INFO] CodeEngine:279 - Generated code: /home/kohki/yaminabe_ws/MOTOR_test/MXTmpFiles/system.tmp
2023-04-07 16:19:04,105 [INFO] CodeEngine:311 - oldGeneratedFile, /home/kohki/yaminabe_ws/MOTOR_test/Core/Inc/stm32f4xx_hal_conf.h_save
2023-04-07 16:19:04,143 [INFO] CodeEngine:335 - Generated code: /home/kohki/yaminabe_ws/MOTOR_test/Core/Inc/stm32f4xx_hal_conf.h
2023-04-07 16:19:04,151 [WARN] IPConfigManager:2937 - Warning: the RefConfig PLL2P_FOR_MCO is not available in your config.xml file
2023-04-07 16:19:04,153 [WARN] IPConfigManager:3431 - IP not found : TIM
2023-04-07 16:19:04,154 [WARN] CodeGenerator:3754 - IP not found : null
2023-04-07 16:19:04,155 [INFO] CodeEngine:255 - oldGeneratedFile, /home/kohki/yaminabe_ws/MOTOR_test/Core/Inc/main.h_save
2023-04-07 16:19:04,200 [INFO] CodeEngine:279 - Generated code: /home/kohki/yaminabe_ws/MOTOR_test/Core/Inc/main.h
2023-04-07 16:19:04,201 [INFO] CodeEngine:255 - oldGeneratedFile, /home/kohki/yaminabe_ws/MOTOR_test/Core/Src/main.c_save
2023-04-07 16:19:04,253 [INFO] CodeEngine:279 - Generated code: /home/kohki/yaminabe_ws/MOTOR_test/Core/Src/main.c
2023-04-07 16:19:04,623 [INFO] ProjectBuilder:2996 - Time for Copy HAL[1] : 17mS.
2023-04-07 16:19:04,625 [INFO] ProjectBuilder:4304 - Project Generator version: 3.19.2
2023-04-07 16:19:04,771 [INFO] ConfigFileManager:1483 - The Die is : DIE421
2023-04-07 16:19:04,772 [INFO] ApiDbMcu:507 - Load IP Config File for FATFS
2023-04-07 16:19:04,774 [INFO] ApiDbMcu:507 - Load IP Config File for FREERTOS
2023-04-07 16:19:04,774 [INFO] ApiDbMcu:507 - Load IP Config File for LIBJPEG
2023-04-07 16:19:04,776 [INFO] ApiDbMcu:507 - Load IP Config File for MBEDTLS
2023-04-07 16:19:04,779 [INFO] ApiDbMcu:507 - Load IP Config File for USB_DEVICE
2023-04-07 16:19:04,780 [INFO] ApiDbMcu:507 - Load IP Config File for USB_HOST
2023-04-07 16:19:05,652 [INFO] ProjectBuilder:4505 - Time for Generating toolchain IDE Files: 1028mS.
2023-04-07 16:19:05,653 [INFO] ProjectBuilder:2867 - Time for Copy CMSIS : 1mS.
2023-04-07 16:19:05,653 [INFO] ProjectBuilder:2867 - Time for Copy CMSIS : 0mS.
2023-04-07 16:19:56,268 [INFO] UtilMem:75 - End SaveConfig() Used Memory: 489381856 Bytes (856686592)
2023-04-07 16:19:58,587 [INFO] UtilMem:75 - End SaveConfig() Used Memory: 592671504 Bytes (856686592)
2023-04-07 16:19:58,867 [INFO] UtilMem:75 - End SaveConfig() Used Memory: 634085344 Bytes (856686592)
2023-04-07 16:19:58,998 [INFO] BlockDiagram:2759 - set Specific Code input for plugin: CAN
2023-04-07 16:19:58,998 [INFO] BlockDiagram:2759 - set Specific Code input for plugin: TIM1_8
2023-04-07 16:19:58,998 [INFO] BlockDiagram:2759 - set Specific Code input for plugin: TIM1_8
2023-04-07 16:19:58,998 [INFO] BlockDiagram:2759 - set Specific Code input for plugin: SYS
2023-04-07 16:19:58,998 [INFO] BlockDiagram:2759 - set Specific Code input for plugin: RCC
2023-04-07 16:19:58,998 [INFO] BlockDiagram:2759 - set Specific Code input for plugin: NVIC
2023-04-07 16:19:58,998 [INFO] BlockDiagram:2759 - set Specific Code input for plugin: USART
2023-04-07 16:19:58,998 [INFO] BlockDiagram:2759 - set Specific Code input for plugin: GPIO
2023-04-07 16:19:58,998 [INFO] CodeGenerator:793 - code generatio: config db path: /opt/st/stm32cubeide_1.12.0/plugins/com.st.stm32cube.common.mx_6.8.0.202302231600//db/
2023-04-07 16:19:59,129 [INFO] CodeEngine:255 - oldGeneratedFile, /home/kohki/yaminabe_ws/MOTOR_test/MXTmpFiles/license.tmp_save
2023-04-07 16:19:59,167 [INFO] CodeEngine:279 - Generated code: /home/kohki/yaminabe_ws/MOTOR_test/MXTmpFiles/license.tmp
2023-04-07 16:19:59,183 [INFO] CodeEngine:255 - oldGeneratedFile, /home/kohki/yaminabe_ws/MOTOR_test/MXTmpFiles/gpio.tmp_save
2023-04-07 16:19:59,221 [INFO] CodeEngine:279 - Generated code: /home/kohki/yaminabe_ws/MOTOR_test/MXTmpFiles/gpio.tmp
2023-04-07 16:19:59,369 [INFO] CodeEngine:255 - oldGeneratedFile, /home/kohki/yaminabe_ws/MOTOR_test/Core/Src/stm32f4xx_it.c_save
2023-04-07 16:19:59,415 [INFO] CodeEngine:279 - Generated code: /home/kohki/yaminabe_ws/MOTOR_test/Core/Src/stm32f4xx_it.c
2023-04-07 16:19:59,416 [INFO] CodeEngine:255 - oldGeneratedFile, /home/kohki/yaminabe_ws/MOTOR_test/Core/Inc/stm32f4xx_it.h_save
2023-04-07 16:19:59,449 [INFO] CodeEngine:279 - Generated code: /home/kohki/yaminabe_ws/MOTOR_test/Core/Inc/stm32f4xx_it.h
2023-04-07 16:19:59,450 [INFO] CodeEngine:255 - oldGeneratedFile, /home/kohki/yaminabe_ws/MOTOR_test/Core/Src/stm32f4xx_hal_msp.c_save
2023-04-07 16:19:59,507 [INFO] CodeEngine:279 - Generated code: /home/kohki/yaminabe_ws/MOTOR_test/Core/Src/stm32f4xx_hal_msp.c
2023-04-07 16:19:59,508 [INFO] CodeEngine:255 - oldGeneratedFile, /home/kohki/yaminabe_ws/MOTOR_test/MXTmpFiles/system.tmp_save
2023-04-07 16:19:59,542 [INFO] CodeEngine:279 - Generated code: /home/kohki/yaminabe_ws/MOTOR_test/MXTmpFiles/system.tmp
2023-04-07 16:19:59,543 [INFO] CodeEngine:311 - oldGeneratedFile, /home/kohki/yaminabe_ws/MOTOR_test/Core/Inc/stm32f4xx_hal_conf.h_save
2023-04-07 16:19:59,586 [INFO] CodeEngine:335 - Generated code: /home/kohki/yaminabe_ws/MOTOR_test/Core/Inc/stm32f4xx_hal_conf.h
2023-04-07 16:19:59,594 [WARN] IPConfigManager:2937 - Warning: the RefConfig PLL2P_FOR_MCO is not available in your config.xml file
2023-04-07 16:19:59,596 [WARN] IPConfigManager:3431 - IP not found : TIM
2023-04-07 16:19:59,596 [WARN] CodeGenerator:3754 - IP not found : null
2023-04-07 16:19:59,597 [INFO] CodeEngine:255 - oldGeneratedFile, /home/kohki/yaminabe_ws/MOTOR_test/Core/Inc/main.h_save
2023-04-07 16:19:59,634 [INFO] CodeEngine:279 - Generated code: /home/kohki/yaminabe_ws/MOTOR_test/Core/Inc/main.h
2023-04-07 16:19:59,634 [INFO] CodeEngine:255 - oldGeneratedFile, /home/kohki/yaminabe_ws/MOTOR_test/Core/Src/main.c_save
2023-04-07 16:19:59,691 [INFO] CodeEngine:279 - Generated code: /home/kohki/yaminabe_ws/MOTOR_test/Core/Src/main.c
2023-04-07 16:20:00,027 [INFO] ProjectBuilder:2996 - Time for Copy HAL[1] : 11mS.
2023-04-07 16:20:00,028 [INFO] ProjectBuilder:4304 - Project Generator version: 3.19.2
2023-04-07 16:20:00,179 [INFO] ConfigFileManager:1483 - The Die is : DIE421
2023-04-07 16:20:00,899 [INFO] ProjectBuilder:4505 - Time for Generating toolchain IDE Files: 871mS.
2023-04-07 16:20:00,899 [INFO] ProjectBuilder:2867 - Time for Copy CMSIS : 0mS.
2023-04-07 16:20:00,900 [INFO] ProjectBuilder:2867 - Time for Copy CMSIS : 0mS.
2023-04-07 16:22:04,090 [INFO] NvicIntPanel:101 - NVIC parent = com.st.microxplorer.plugins.ip.nvic.MultiNvicIntPanel[,0,0,0x0,invalid,layout=javax.swing.BoxLayout,alignmentX=0.0,alignmentY=0.0,border=,flags=9,maximumSize=,minimumSize=,preferredSize=]
2023-04-07 16:22:07,537 [INFO] NvicIntPanel:101 - NVIC parent = com.st.microxplorer.plugins.ip.nvic.MultiNvicIntPanel[,0,0,0x0,invalid,layout=javax.swing.BoxLayout,alignmentX=0.0,alignmentY=0.0,border=,flags=9,maximumSize=,minimumSize=,preferredSize=]
2023-04-07 16:33:52,258 [INFO] NvicIntPanel:101 - NVIC parent = com.st.microxplorer.plugins.ip.nvic.MultiNvicIntPanel[,0,0,473x202,layout=javax.swing.BoxLayout,alignmentX=0.0,alignmentY=0.0,border=,flags=9,maximumSize=,minimumSize=,preferredSize=]
2023-04-07 16:38:32,333 [INFO] NvicIntPanel:101 - NVIC parent = com.st.microxplorer.plugins.ip.nvic.MultiNvicIntPanel[,0,0,473x202,layout=javax.swing.BoxLayout,alignmentX=0.0,alignmentY=0.0,border=,flags=9,maximumSize=,minimumSize=,preferredSize=]
2023-04-07 16:38:51,794 [INFO] NvicIntPanel:101 - NVIC parent = com.st.microxplorer.plugins.ip.nvic.MultiNvicIntPanel[,0,0,473x202,layout=javax.swing.BoxLayout,alignmentX=0.0,alignmentY=0.0,border=,flags=9,maximumSize=,minimumSize=,preferredSize=]
2023-04-07 16:38:59,518 [INFO] NvicIntPanel:101 - NVIC parent = com.st.microxplorer.plugins.ip.nvic.MultiNvicIntPanel[,0,0,0x0,invalid,layout=javax.swing.BoxLayout,alignmentX=0.0,alignmentY=0.0,border=,flags=9,maximumSize=,minimumSize=,preferredSize=]
2023-04-07 16:42:45,892 [INFO] Gpio:273 - dependency for GPIO [CAN2, RCC, TIM1, TIM2, USART2]
2023-04-07 16:43:15,005 [INFO] Gpio:273 - dependency for GPIO [CAN2, RCC, TIM1, TIM2, USART2]
2023-04-07 16:43:15,036 [INFO] NvicIntPanel:101 - NVIC parent = com.st.microxplorer.plugins.ip.nvic.MultiNvicIntPanel[,0,0,0x0,invalid,layout=javax.swing.BoxLayout,alignmentX=0.0,alignmentY=0.0,border=,flags=9,maximumSize=,minimumSize=,preferredSize=]
2023-04-07 16:43:21,564 [INFO] NvicIntPanel:101 - NVIC parent = com.st.microxplorer.plugins.ip.nvic.MultiNvicIntPanel[,0,0,0x0,invalid,layout=javax.swing.BoxLayout,alignmentX=0.0,alignmentY=0.0,border=,flags=9,maximumSize=,minimumSize=,preferredSize=]
2023-04-07 16:43:23,012 [INFO] NvicIntPanel:101 - NVIC parent = com.st.microxplorer.plugins.ip.nvic.MultiNvicIntPanel[,0,0,0x0,invalid,layout=javax.swing.BoxLayout,alignmentX=0.0,alignmentY=0.0,border=,flags=9,maximumSize=,minimumSize=,preferredSize=]
2023-04-07 16:43:27,334 [INFO] NvicIntPanel:101 - NVIC parent = com.st.microxplorer.plugins.ip.nvic.MultiNvicIntPanel[,0,0,0x0,invalid,layout=javax.swing.BoxLayout,alignmentX=0.0,alignmentY=0.0,border=,flags=9,maximumSize=,minimumSize=,preferredSize=]
2023-04-07 16:43:28,864 [INFO] NvicIntPanel:101 - NVIC parent = com.st.microxplorer.plugins.ip.nvic.MultiNvicIntPanel[,0,0,0x0,invalid,layout=javax.swing.BoxLayout,alignmentX=0.0,alignmentY=0.0,border=,flags=9,maximumSize=,minimumSize=,preferredSize=]
2023-04-07 16:43:46,904 [INFO] UtilMem:75 - End SaveConfig() Used Memory: 575021368 Bytes (856686592)
2023-04-07 16:43:48,799 [INFO] UtilMem:75 - End SaveConfig() Used Memory: 598616376 Bytes (856686592)
2023-04-07 16:43:49,010 [INFO] UtilMem:75 - End SaveConfig() Used Memory: 633219384 Bytes (856686592)
2023-04-07 16:43:49,116 [INFO] BlockDiagram:2759 - set Specific Code input for plugin: CAN
2023-04-07 16:43:49,116 [INFO] BlockDiagram:2759 - set Specific Code input for plugin: TIM1_8
2023-04-07 16:43:49,116 [INFO] BlockDiagram:2759 - set Specific Code input for plugin: TIM1_8
2023-04-07 16:43:49,116 [INFO] BlockDiagram:2759 - set Specific Code input for plugin: SYS
2023-04-07 16:43:49,116 [INFO] BlockDiagram:2759 - set Specific Code input for plugin: RCC
2023-04-07 16:43:49,116 [INFO] BlockDiagram:2759 - set Specific Code input for plugin: NVIC
2023-04-07 16:43:49,116 [INFO] BlockDiagram:2759 - set Specific Code input for plugin: USART
2023-04-07 16:43:49,116 [INFO] BlockDiagram:2759 - set Specific Code input for plugin: GPIO
2023-04-07 16:43:49,117 [INFO] CodeGenerator:793 - code generatio: config db path: /opt/st/stm32cubeide_1.12.0/plugins/com.st.stm32cube.common.mx_6.8.0.202302231600//db/
2023-04-07 16:43:49,292 [INFO] CodeEngine:255 - oldGeneratedFile, /home/kohki/yaminabe_ws/MOTOR_test/MXTmpFiles/license.tmp_save
2023-04-07 16:43:49,371 [INFO] CodeEngine:279 - Generated code: /home/kohki/yaminabe_ws/MOTOR_test/MXTmpFiles/license.tmp
2023-04-07 16:43:49,389 [INFO] CodeEngine:255 - oldGeneratedFile, /home/kohki/yaminabe_ws/MOTOR_test/MXTmpFiles/gpio.tmp_save
2023-04-07 16:43:49,443 [INFO] CodeEngine:279 - Generated code: /home/kohki/yaminabe_ws/MOTOR_test/MXTmpFiles/gpio.tmp
2023-04-07 16:43:49,549 [INFO] CodeEngine:255 - oldGeneratedFile, /home/kohki/yaminabe_ws/MOTOR_test/Core/Src/stm32f4xx_it.c_save
2023-04-07 16:43:49,666 [INFO] CodeEngine:279 - Generated code: /home/kohki/yaminabe_ws/MOTOR_test/Core/Src/stm32f4xx_it.c
2023-04-07 16:43:49,667 [INFO] CodeEngine:255 - oldGeneratedFile, /home/kohki/yaminabe_ws/MOTOR_test/Core/Inc/stm32f4xx_it.h_save
2023-04-07 16:43:49,701 [INFO] CodeEngine:279 - Generated code: /home/kohki/yaminabe_ws/MOTOR_test/Core/Inc/stm32f4xx_it.h
2023-04-07 16:43:49,702 [INFO] CodeEngine:255 - oldGeneratedFile, /home/kohki/yaminabe_ws/MOTOR_test/Core/Src/stm32f4xx_hal_msp.c_save
2023-04-07 16:43:49,757 [INFO] CodeEngine:279 - Generated code: /home/kohki/yaminabe_ws/MOTOR_test/Core/Src/stm32f4xx_hal_msp.c
2023-04-07 16:43:49,758 [INFO] CodeEngine:255 - oldGeneratedFile, /home/kohki/yaminabe_ws/MOTOR_test/MXTmpFiles/system.tmp_save
2023-04-07 16:43:49,792 [INFO] CodeEngine:279 - Generated code: /home/kohki/yaminabe_ws/MOTOR_test/MXTmpFiles/system.tmp
2023-04-07 16:43:49,793 [INFO] CodeEngine:311 - oldGeneratedFile, /home/kohki/yaminabe_ws/MOTOR_test/Core/Inc/stm32f4xx_hal_conf.h_save
2023-04-07 16:43:49,830 [INFO] CodeEngine:335 - Generated code: /home/kohki/yaminabe_ws/MOTOR_test/Core/Inc/stm32f4xx_hal_conf.h
2023-04-07 16:43:49,838 [WARN] IPConfigManager:2937 - Warning: the RefConfig PLL2P_FOR_MCO is not available in your config.xml file
2023-04-07 16:43:49,840 [WARN] IPConfigManager:3431 - IP not found : TIM
2023-04-07 16:43:49,841 [WARN] CodeGenerator:3754 - IP not found : null
2023-04-07 16:43:49,842 [INFO] CodeEngine:255 - oldGeneratedFile, /home/kohki/yaminabe_ws/MOTOR_test/Core/Inc/main.h_save
2023-04-07 16:43:49,889 [INFO] CodeEngine:279 - Generated code: /home/kohki/yaminabe_ws/MOTOR_test/Core/Inc/main.h
2023-04-07 16:43:49,889 [INFO] CodeEngine:255 - oldGeneratedFile, /home/kohki/yaminabe_ws/MOTOR_test/Core/Src/main.c_save
2023-04-07 16:43:49,945 [INFO] CodeEngine:279 - Generated code: /home/kohki/yaminabe_ws/MOTOR_test/Core/Src/main.c
2023-04-07 16:43:50,263 [INFO] ProjectBuilder:2996 - Time for Copy HAL[1] : 13mS.
2023-04-07 16:43:50,264 [INFO] ProjectBuilder:4304 - Project Generator version: 3.19.2
2023-04-07 16:43:50,411 [INFO] ConfigFileManager:1483 - The Die is : DIE421
2023-04-07 16:43:51,144 [INFO] ProjectBuilder:4505 - Time for Generating toolchain IDE Files: 880mS.
2023-04-07 16:43:51,145 [INFO] ProjectBuilder:2867 - Time for Copy CMSIS : 0mS.
2023-04-07 16:43:51,145 [INFO] ProjectBuilder:2867 - Time for Copy CMSIS : 0mS.
2023-04-07 16:47:03,586 [INFO] NvicIntPanel:101 - NVIC parent = com.st.microxplorer.plugins.ip.nvic.MultiNvicIntPanel[,0,0,0x0,invalid,layout=javax.swing.BoxLayout,alignmentX=0.0,alignmentY=0.0,border=,flags=9,maximumSize=,minimumSize=,preferredSize=]
